{
  "run_id": "pipeline-momentum-20260519131052-39e70aa4",
  "timestamp": "2026-05-19T20:11:46",
  "strategy_type": "momentum",
  "dry_run": true,
  "research_summary": "I'll hand this off to the planner to research current momentum alpha ideas, common operator patterns, and failure modes.",
  "daily_research_digest": "# Daily Research Digest - 2026-05-19\n\n## RSS Feed: https://news.google.com/rss/search?q=WorldQuant+Brain+alpha\n- WorldQuant Launches BRAIN Platform and Inaugural Global Alphathon Competition - Business Wire | https://news.google.com/rss/articles/CBMizwFBVV95cUxQeENLeDg3RVBPQzh0UmVneG5jc2I3T1BvMnhzdFZfemNlZzBnS1dobmtOeWU4T1hNSV9CUFk0cV9ncXJZbzUyRVk2WnJsRlJVdDdta0ZaeEFXMVRFbHZ2NFhRbWk2Y1MzdGtqcXp1NXEyemFlVlNqLXRBMkxWVHEtRXpKZFM1bkd3dURhdHMtTUpxNTdqOVQ1dVhKMnQ1Qk14aHZ3ekZ5T1AySUlIR1dFVjlLRVIxN0JkNk12ME13OEwxRTN2NEpXOU9yZ0UyUzg?oc=5\n- The $140k side hustle that helps get a hedge fund job - eFinancialCareers | https://news.google.com/rss/articles/CBMiZ0FVX3lxTE9NTjhpTmpWcFVFTnFSQ1BzLThEb3hzVmhJRFg0U0swdmptMjBfeHdLejdzQWtZZENQd3REcVQ0amY2N1hNb2VmUWd6TVphWUwtR1Bhc3dmOVI5MU9SVE5DdE1zNlVKdlk?oc=5\n- WorldQuant names winners of 2023 International Quant Championship - Pensions & Investments | https://news.google.com/rss/articles/CBMiqAFBVV95cUxQd284TWxhMmlUdjdxZ2tkTzg0YWR1MlUtdl9XS0xCRW5wZzh1QWJ2NHhPNjZsMy1iX0xYcjByQTVfR1AzbU5LSFlhMElUT1JZNUdqTGVjb2RhNjFCZXBMSXJ4Q3VWRGkxUDJzZ0NDRGFFalJXYjZNd0JoaFVsSHBLcnpiMDAzOUJiUzMwb3JnTXVmMk1na0hhUWdGUEtYazlmZVdyMnk1T0s?oc=5\n- International Quant Championship 2026 \u2014 WorldQuant BRAIN's Global Quantitative Finance Modelling Competition - targetjobs | https://news.google.com/rss/articles/CBMi_AFBVV95cUxPYkVwd1NFam1YR1h6Q1pjaHktWlFEX2JZZU55NERZdm5FaHZBM1g4VFRHcGZYMV9ld0ZsTjJKVVNmUzlJSkVmZ2E2Zk1HUnF2Q29jNllCaGpPbnU3OFhjMDJjZmhxMFljY2FXYUgyX0l3UE5GWEc0cUJQRXYzcy14ZFNoOW1EdEVTUnpGYlFaby0ySk9BT3RHdy11OUktckRwOEhqUW5oclhGOHVJYmREYmY3SzJ1Zy05TElDaEw2eE05MmtnOEd5Yk14Q0QyR0ZtaGJXbzBHQXo5M3VZWlh2a002TWJ5VlVNcTViM3l5bnZFQ0JJaUpjb1lSSkU?oc=5\n- WorldQuant Foundry Launches Alpha Deal to Pioneer the Future of Deal Intelligence for Private Asset Investors - Business Wire | https://news.google.com/rss/articles/CBMi-gFBVV95cUxOR0NydkIwNUdwVXFuVEV1Z0E2SFZVTDVwWHRVX3hxSlYzMlo5WUZlWXFnZVQxOTVXeHlmUU9rbXRic09JcHJvdXVxMkhiUlJpY21JUk1mQW9YR1pYVU1xRVprU0tYUFJSVS0xZU5yNVZzUllwaHlqazF4X1JnSEw2Ri1rY2hhY1VCY3hXMEVqdlpyeTJaVW1neGdJcWstWllNS05CZ1F2OXpiSzAzT3hwSEtNVkc2Z2I3YWxWekIzcWdCdVZyc1o4LTdhRjFYakRuSnpEeU9Fdjc3SHVlM25QbnctY09mXzVkY3A5MGhhdFpxYWNLNktkb0x3?oc=5\n\n## RSS Feed: https://news.google.com/rss/search?q=quantitative+finance+factor+investing\n- Cliff Asness: Quant Investing Outlook \u2013 Factors, AI, and Valuation Risk - The Acquirer's Multiple | https://news.google.com/rss/articles/CBMiqAFBVV95cUxNX3U0UUg3emJTams2cF9BejdjeFMydHl1WW1SMk9NdmtlN2FVUFo3dWVIaU5kSy1xa1pHa0NKUURLRXZhelQ4TFJoM054aWNyWmY5RDJXUWdCWTdSYUdUbFFHUlo5NFFoRkpUMXBJZk9Kc09rdlFIUlpYLTE0ZjltS2VqaEhGem9RSXgySUtlZVNIaGh2dU90UXdIY3ZnSDlDV3RwWGNsWUI?oc=5\n- Partner Insight: Active Quant - From \"black box\" myth to engineered alpha - Investment Week | https://news.google.com/rss/articles/CBMisAFBVV95cUxPdm1pbmliaC1iOHVfZzlDRVc5MzUyQUp1ODB4WHVKYjlSaVJ1a1RERVpmMEtOTlJCLVZrZjN3ZXQ5MkhwX0ZqSEtldnNxVkF4dURLUGRSX3QxT1BWSE9rZllnQkprVTN2NkE1RWFDcGtWNWh6WXBRR2ExeDQzWmQ2a2JXa2h6QUxIVmVlME5XU1laa1p6N1JyeWtMcHZxSjgxUVlrZ1Q5MW10b1hFNFppQw?oc=5\n- What Are Quant Funds? Strategies, Performance & Risks Explained - Investopedia | https://news.google.com/rss/articles/CBMiX0FVX3lxTE9UajRvNTVROGhnaVVxSnNyd2hNTk5hVkxra2xwWG5rLUt1MXlTRmNWNWoxQUVXMGxocWtUSFdqR1B6ZXJEVnBTalZXb09LVnBXV1NDS01sMXN1M3hOU05z?oc=5\n- Israel\u2019s next big export: a new era in quant finance - ynetnews | https://news.google.com/rss/articles/CBMiYkFVX3lxTFAxN09DYy1kLXdYMkh4WktYcXBEaURaM1ZFem5VRTBmR255ZzJnMm9SeHN5MEJ4REdjOEk5eXNlZEtDbnVNQ0UyN0JsclpfM2xyTmRtMnVaOXpPZzlTQ0pRNUtB?oc=5\n- Jabli\u2013Watson Factor Model: The Growth Formula for Quantitative Momentum Investing - tejwin.com | https://news.google.com/rss/articles/CBMitgFBVV95cUxOSXowdExKZEdWZWtrTEg5SVpyUzVZR1hXYzZsT0p3Z1JxSklQdDREcHBuSm5uUEw0Z2RFU2tEaUM2ZVVTQ1VOY2V5bzRfamNrMlA1WTVzb2l1aVREZXNiRlV4Sk9kRUZZTlZhd3RkYTlFUlFNSlhPTmNGREJoaFN5UFFpbjF2eXhyZFRwajVvcmNLcHlEVTJwTGdJLWRGOTNNUmI3emhuMzhPcHpVdnhoWUFCZVdGUQ?oc=5\n",
  "summary": {
    "count": 0,
    "avg_sharpe": 0.0,
    "avg_fitness": 0.0,
    "avg_turnover": 0.0
  },
  "operator_patterns": [],
  "approved": [],
  "failure_recovery_notes": [],
  "pre_backtest_promoted": 0,
  "pre_backtest_screened_out": 3,
  "tested": 0
}
